*** Error in `./bin/pgrk2': double free or corruption (!prev): 0x000000000349c690 ***
======= Backtrace: =========
/lib64/libc.so.6(+0x81489)[0x7fca0c02d489]
./bin/pgrk2[0x40104a]
./bin/pgrk2[0x401642]
/lib64/libc.so.6(__libc_start_main+0xf5)[0x7fca0bfce3d5]
./bin/pgrk2[0x4007d9]
======= Memory map: ========
00400000-00403000 r-xp 00000000 00:2c 289096270                          /udrive/student/jmoukpe2016/pagerank-paraproc/bin/pgrk2
00602000-00603000 r--p 00002000 00:2c 289096270                          /udrive/student/jmoukpe2016/pagerank-paraproc/bin/pgrk2
00603000-00604000 rw-p 00003000 00:2c 289096270                          /udrive/student/jmoukpe2016/pagerank-paraproc/bin/pgrk2
0210b000-034aa000 rw-p 00000000 00:00 0                                  [heap]
7fca04000000-7fca04021000 rw-p 00000000 00:00 0 
7fca04021000-7fca08000000 ---p 00000000 00:00 0 
7fca0b38f000-7fca0b3a6000 r-xp 00000000 00:27 33829852                   /export/spack/linux-centos7-x86_64/gcc-4.8.5/gcc-9.1.0-mj7s6dgfnhgi2n42fyxgmitnuslcyol3/lib64/libgcc_s.so.1
7fca0b3a6000-7fca0b5a5000 ---p 00017000 00:27 33829852                   /export/spack/linux-centos7-x86_64/gcc-4.8.5/gcc-9.1.0-mj7s6dgfnhgi2n42fyxgmitnuslcyol3/lib64/libgcc_s.so.1
7fca0b5a5000-7fca0b5a6000 r--p 00016000 00:27 33829852                   /export/spack/linux-centos7-x86_64/gcc-4.8.5/gcc-9.1.0-mj7s6dgfnhgi2n42fyxgmitnuslcyol3/lib64/libgcc_s.so.1
7fca0b5a6000-7fca0b5a7000 rw-p 00017000 00:27 33829852                   /export/spack/linux-centos7-x86_64/gcc-4.8.5/gcc-9.1.0-mj7s6dgfnhgi2n42fyxgmitnuslcyol3/lib64/libgcc_s.so.1
7fca0b5a7000-7fca0b5a8000 ---p 00000000 00:00 0 
7fca0b5a8000-7fca0bda8000 rw-p 00000000 00:00 0 
7fca0bda8000-7fca0bdaa000 r-xp 00000000 08:04 537336800                  /usr/lib64/libdl-2.17.so
7fca0bdaa000-7fca0bfaa000 ---p 00002000 08:04 537336800                  /usr/lib64/libdl-2.17.so
7fca0bfaa000-7fca0bfab000 r--p 00002000 08:04 537336800                  /usr/lib64/libdl-2.17.so
7fca0bfab000-7fca0bfac000 rw-p 00003000 08:04 537336800                  /usr/lib64/libdl-2.17.so
7fca0bfac000-7fca0c16e000 r-xp 00000000 08:04 537336794                  /usr/lib64/libc-2.17.so
7fca0c16e000-7fca0c36e000 ---p 001c2000 08:04 537336794                  /usr/lib64/libc-2.17.so
7fca0c36e000-7fca0c372000 r--p 001c2000 08:04 537336794                  /usr/lib64/libc-2.17.so
7fca0c372000-7fca0c374000 rw-p 001c6000 08:04 537336794                  /usr/lib64/libc-2.17.so
7fca0c374000-7fca0c379000 rw-p 00000000 00:00 0 
7fca0c379000-7fca0c390000 r-xp 00000000 08:04 537339382                  /usr/lib64/libpthread-2.17.so
7fca0c390000-7fca0c58f000 ---p 00017000 08:04 537339382                  /usr/lib64/libpthread-2.17.so
7fca0c58f000-7fca0c590000 r--p 00016000 08:04 537339382                  /usr/lib64/libpthread-2.17.so
7fca0c590000-7fca0c591000 rw-p 00017000 08:04 537339382                  /usr/lib64/libpthread-2.17.so
7fca0c591000-7fca0c595000 rw-p 00000000 00:00 0 
7fca0c595000-7fca0c5ca000 r-xp 00000000 00:27 33829853                   /export/spack/linux-centos7-x86_64/gcc-4.8.5/gcc-9.1.0-mj7s6dgfnhgi2n42fyxgmitnuslcyol3/lib64/libgomp.so.1.0.0
7fca0c5ca000-7fca0c7c9000 ---p 00035000 00:27 33829853                   /export/spack/linux-centos7-x86_64/gcc-4.8.5/gcc-9.1.0-mj7s6dgfnhgi2n42fyxgmitnuslcyol3/lib64/libgomp.so.1.0.0
7fca0c7c9000-7fca0c7ca000 r--p 00034000 00:27 33829853                   /export/spack/linux-centos7-x86_64/gcc-4.8.5/gcc-9.1.0-mj7s6dgfnhgi2n42fyxgmitnuslcyol3/lib64/libgomp.so.1.0.0
7fca0c7ca000-7fca0c7cb000 rw-p 00035000 00:27 33829853                   /export/spack/linux-centos7-x86_64/gcc-4.8.5/gcc-9.1.0-mj7s6dgfnhgi2n42fyxgmitnuslcyol3/lib64/libgomp.so.1.0.0
7fca0c7cb000-7fca0c7ed000 r-xp 00000000 08:04 537336782                  /usr/lib64/ld-2.17.so
7fca0c9d9000-7fca0c9de000 rw-p 00000000 00:00 0 
7fca0c9e9000-7fca0c9ec000 rw-p 00000000 00:00 0 
7fca0c9ec000-7fca0c9ed000 r--p 00021000 08:04 537336782                  /usr/lib64/ld-2.17.so
7fca0c9ed000-7fca0c9ee000 rw-p 00022000 08:04 537336782                  /usr/lib64/ld-2.17.so
7fca0c9ee000-7fca0c9ef000 rw-p 00000000 00:00 0 
7ffd4cb6a000-7ffd4cb8d000 rw-p 00000000 00:00 0                          [stack]
7ffd4cba7000-7ffd4cba9000 r-xp 00000000 00:00 0                          [vdso]
ffffffffff600000-ffffffffff601000 r-xp 00000000 00:00 0                  [vsyscall]
